        -:    0:Source:src/bignum_cmp.c
        -:    0:Graph:build/bignum_cmp.gcno
        -:    0:Data:build/bignum_cmp.gcda
        -:    0:Runs:6
        -:    1:#include "bignum_cmp.h"
        -:    2:#include <limits.h>
        -:    3:
function bignum_cmp called 7237863 returned 100% blocks executed 100%
  7237863:    4:bignum_cmp_status_t bignum_cmp(const bignum_t *a, const bignum_t *b)
        -:    5:{
  7237863:    6:    if (a == NULL || b == NULL) return BIGNUM_CMP_ERROR_NULL;
branch  0 taken 6409858 (fallthrough)
branch  1 taken 828005
  6409863:    7:    if (a->len != b->len) return a->len > b->len ? BIGNUM_CMP_GREATER : BIGNUM_CMP_LESS;
branch  0 taken 1500010 (fallthrough)
branch  1 taken 4909848
branch  2 taken 5 (fallthrough)
branch  3 taken 1500005
  7578686:    8:    for (size_t i = a->len; i > 0U; --i) {
branch  0 taken 5284234
branch  1 taken 2294452 (fallthrough)
  5284234:    9:        if (a->words[i - 1U] != b->words[i - 1U])
branch  0 taken 2615396 (fallthrough)
branch  1 taken 2668838
  2615396:   10:            return a->words[i - 1U] > b->words[i - 1U] ? BIGNUM_CMP_GREATER : BIGNUM_CMP_LESS;
branch  0 taken 1500005 (fallthrough)
branch  1 taken 1115391
        -:   11:    }
        -:   12:    return BIGNUM_CMP_EQ;
        -:   13:}
